<?xml version="1.0" encoding="utf-8"?><testsuites name="pytest tests"><testsuite name="pytest" errors="0" failures="0" skipped="0" tests="12" time="32.163" timestamp="2026-07-27T06:20:10.792661+00:00" hostname="agent-env-e979026c-4710-4bf4-a369-aac982f056ce"><testcase classname="tests.test_currency_api.TestSignupDefaults" name="test_new_user_primary_currency_is_INR" time="0.730" /><testcase classname="tests.test_currency_api.TestPreferences" name="test_update_primary_currency" time="1.068" /><testcase classname="tests.test_currency_api.TestSignupDefaults" name="test_me_returns_primary_currency" time="0.169" /><testcase classname="tests.test_currency_api.TestSignupDefaults" name="test_seeded_subs_all_have_currency" time="0.096" /><testcase classname="tests.test_currency_api.TestSignupDefaults" name="test_seeded_mix_inr_and_usd" time="0.096" /><testcase classname="tests.test_currency_api.TestPreferences" name="test_invalid_currency_is_ignored" time="0.388" /><testcase classname="tests.test_currency_api.TestReset" name="test_reset_wipes_and_reseeds" time="1.863" /><testcase classname="tests.test_currency_api.TestInsightsCurrency" name="test_insights_returns_primary_currency_INR" time="13.464" /><testcase classname="tests.test_currency_api.TestCurrencyCRUD" name="test_create_persists_custom_currency" time="0.310" /><testcase classname="tests.test_currency_api.TestRemindersCurrency" name="test_reminders_items_have_currency" time="0.132" /><testcase classname="tests.test_currency_api.TestInsightsCurrency" name="test_insights_switch_to_USD" time="16.849" /><testcase classname="tests.test_currency_api.TestLegacyBackfill" name="test_get_returns_INR_when_missing_currency" time="0.095" /></testsuite></testsuites>