<?xml version="1.0" encoding="utf-8"?><testsuites name="pytest tests"><testsuite name="pytest" errors="0" failures="0" skipped="0" tests="12" time="6.660" timestamp="2026-07-27T05:46:14.780671+00:00" hostname="agent-env-e979026c-4710-4bf4-a369-aac982f056ce"><testcase classname="tests.test_suborganizer_api.TestAuth" name="test_signup_seeds_11_subs" time="0.708" /><testcase classname="tests.test_suborganizer_api.TestSubscriptions" name="test_list_demo_has_11" time="0.735" /><testcase classname="tests.test_suborganizer_api.TestAuth" name="test_signup_duplicate_email" time="0.111" /><testcase classname="tests.test_suborganizer_api.TestAuth" name="test_login_demo" time="0.465" /><testcase classname="tests.test_suborganizer_api.TestAuth" name="test_login_wrong_password" time="0.350" /><testcase classname="tests.test_suborganizer_api.TestSubscriptions" name="test_crud_flow" time="2.731" /><testcase classname="tests.test_suborganizer_api.TestAuth" name="test_me_returns_profile" time="0.100" /><testcase classname="tests.test_suborganizer_api.TestAuth" name="test_me_unauthorized" time="0.105" /><testcase classname="tests.test_suborganizer_api.TestInsights" name="test_insights_shape" time="4.308" /><testcase classname="tests.test_suborganizer_api.TestSubscriptions" name="test_update_not_found" time="0.105" /><testcase classname="tests.test_suborganizer_api.TestScan" name="test_scan_returns_three" time="0.097" /><testcase classname="tests.test_suborganizer_api.TestUpgrade" name="test_upgrade_flips_flag" time="0.207" /></testsuite></testsuites>