<?xml version="1.0" encoding="utf-8"?><testsuites name="pytest tests"><testsuite name="pytest" errors="0" failures="0" skipped="0" tests="11" time="1.697" timestamp="2026-07-27T05:57:12.645397+00:00" hostname="agent-env-e979026c-4710-4bf4-a369-aac982f056ce"><testcase classname="tests.test_reminders_api.TestKeep" name="test_keep_advances_monthly_and_clears_snooze" time="0.827" /><testcase classname="tests.test_reminders_api.TestGetReminders" name="test_reminders_shape_and_window" time="0.750" /><testcase classname="tests.test_reminders_api.TestGetReminders" name="test_reminders_default_window_includes_youtube_and_spotify" time="0.042" /><testcase classname="tests.test_reminders_api.TestGetReminders" name="test_reminders_sorted_by_days_left" time="0.043" /><testcase classname="tests.test_reminders_api.TestKeep" name="test_keep_weekly_advances_seven_days" time="0.166" /><testcase classname="tests.test_reminders_api.TestReminderDaysBeforeUpdate" name="test_put_changes_reminder_window" time="0.210" /><testcase classname="tests.test_reminders_api.TestKeep" name="test_keep_yearly_advances_one_year" time="0.124" /><testcase classname="tests.test_reminders_api.TestReminderDaysBeforeUpdate" name="test_put_window_7_surfaces_iCloud" time="0.128" /><testcase classname="tests.test_reminders_api.TestAutoSeed" name="test_seed_has_reminder_defaults" time="0.040" /><testcase classname="tests.test_reminders_api.TestCancel" name="test_cancel_removes_from_reminders" time="0.243" /><testcase classname="tests.test_reminders_api.TestSnooze" name="test_snooze_removes_from_reminders_until_date" time="0.174" /></testsuite></testsuites>